/cm/local/apps/slurm/var/spool/job16215080/slurm_script: line 5: __conda_exe: command not found
	Command being timed: "STAR --runThreadN 8 --runMode alignReads --outFilterMultimapNmax 3 --outSAMunmapped Within KeepPairs --alignIntronMax 1000000 --alignMatesGapMax 1000000 --readFilesCommand zcat --readFilesIn /projects/bgmp/shared/2017_sequencing/demultiplexed/14_3B_control_S10_L008_R1_001.fastq.gz /projects/bgmp/shared/2017_sequencing/demultiplexed/14_3B_control_S10_L008_R2_001.fastq.gz --genomeDir /projects/bgmp/schalla/bioinfo/Bi623/Assignment/Leslie_Assignment/QAA/genome_Dir/Mus_musculus.GRCm39.dna.ens104.STAR_2.7.1a --outFileNamePrefix /projects/bgmp/schalla/bioinfo/Bi623/Assignment/Leslie_Assignment/QAA/Output/Mmus_alligned_L14"
	User time (seconds): 312.17
	System time (seconds): 14.01
	Percent of CPU this job got: 613%
	Elapsed (wall clock) time (h:mm:ss or m:ss): 0:53.17
	Average shared text size (kbytes): 0
	Average unshared data size (kbytes): 0
	Average stack size (kbytes): 0
	Average total size (kbytes): 0
	Maximum resident set size (kbytes): 27359140
	Average resident set size (kbytes): 0
	Major (requiring I/O) page faults: 0
	Minor (reclaiming a frame) page faults: 184892
	Voluntary context switches: 38767
	Involuntary context switches: 512
	Swaps: 0
	File system inputs: 0
	File system outputs: 0
	Socket messages sent: 0
	Socket messages received: 0
	Signals delivered: 0
	Page size (bytes): 4096
	Exit status: 0
	Command being timed: "STAR --runThreadN 8 --runMode alignReads --outFilterMultimapNmax 3 --outSAMunmapped Within KeepPairs --alignIntronMax 1000000 --alignMatesGapMax 1000000 --readFilesCommand zcat --readFilesIn /projects/bgmp/shared/2017_sequencing/demultiplexed/11_2H_both_S9_L008_R1_001.fastq.gz /projects/bgmp/shared/2017_sequencing/demultiplexed/11_2H_both_S9_L008_R2_001.fastq.gz --genomeDir /projects/bgmp/schalla/bioinfo/Bi623/Assignment/Leslie_Assignment/QAA/genome_Dir/Mus_musculus.GRCm39.dna.ens104.STAR_2.7.1a --outFileNamePrefix /projects/bgmp/schalla/bioinfo/Bi623/Assignment/Leslie_Assignment/QAA/Output/Mmus_alligned_L11"
	User time (seconds): 1223.53
	System time (seconds): 19.83
	Percent of CPU this job got: 733%
	Elapsed (wall clock) time (h:mm:ss or m:ss): 2:49.47
	Average shared text size (kbytes): 0
	Average unshared data size (kbytes): 0
	Average stack size (kbytes): 0
	Average total size (kbytes): 0
	Maximum resident set size (kbytes): 27487004
	Average resident set size (kbytes): 0
	Major (requiring I/O) page faults: 0
	Minor (reclaiming a frame) page faults: 282178
	Voluntary context switches: 149383
	Involuntary context switches: 1522
	Swaps: 0
	File system inputs: 0
	File system outputs: 0
	Socket messages sent: 0
	Socket messages received: 0
	Signals delivered: 0
	Page size (bytes): 4096
	Exit status: 0
